#
# There is insufficient memory for the Java Runtime Environment to continue.
# Native memory allocation (malloc) failed to allocate 747216 bytes for Chunk::new
# Possible reasons:
#   The system is out of physical RAM or swap space
#   In 32 bit mode, the process size limit was hit
# Possible solutions:
#   Reduce memory load on the system
#   Increase physical memory or swap space
#   Check if swap backing store is full
#   Use 64 bit Java on a 64 bit OS
#   Decrease Java heap size (-Xmx/-Xms)
#   Decrease number of Java threads
#   Decrease Java thread stack sizes (-Xss)
#   Set larger code cache with -XX:ReservedCodeCacheSize=
# This output file may be truncated or incomplete.
#
#  Out of Memory Error (allocation.cpp:390), pid=6856, tid=10292
#
# JRE version: Java(TM) SE Runtime Environment (8.0_60-b27) (build 1.8.0_60-b27)
# Java VM: Java HotSpot(TM) 64-Bit Server VM (25.60-b23 mixed mode windows-amd64 compressed oops)
# Failed to write core dump. Minidumps are not enabled by default on client versions of Windows
#

---------------  T H R E A D  ---------------

Current thread (0x000000001548f000):  JavaThread "C2 CompilerThread0" daemon [_thread_in_native, id=10292, stack(0x0000000016af0000,0x0000000016bf0000)]

Stack: [0x0000000016af0000,0x0000000016bf0000]
[error occurred during error reporting (printing stack bounds), id 0xc0000005]

Native frames: (J=compiled Java code, j=interpreted, Vv=VM code, C=native code)


Current CompileTask:
C2:   3146 1300       4       com.android.dx.ssa.SCCP::simulateStmt (481 bytes)


---------------  P R O C E S S  ---------------

Java Threads: ( => current thread )
  0x0000000017068000 JavaThread "pool-2-thread-4" [_thread_blocked, id=5772, stack(0x0000000017ff0000,0x00000000180f0000)]
  0x000000001710a800 JavaThread "pool-2-thread-3" [_thread_in_Java, id=384, stack(0x0000000017ef0000,0x0000000017ff0000)]
  0x000000001710a000 JavaThread "pool-2-thread-2" [_thread_in_Java, id=10648, stack(0x0000000017df0000,0x0000000017ef0000)]
  0x0000000017107000 JavaThread "pool-3-thread-1" [_thread_blocked, id=4804, stack(0x0000000017cf0000,0x0000000017df0000)]
  0x0000000017106800 JavaThread "pool-2-thread-1" [_thread_in_Java, id=2252, stack(0x0000000017bf0000,0x0000000017cf0000)]
  0x0000000016df6000 JavaThread "Service Thread" daemon [_thread_blocked, id=2248, stack(0x00000000171f0000,0x00000000172f0000)]
  0x00000000154ed800 JavaThread "C1 CompilerThread2" daemon [_thread_in_vm, id=3028, stack(0x0000000016cf0000,0x0000000016df0000)]
  0x00000000154df800 JavaThread "C2 CompilerThread1" daemon [_thread_in_native, id=9020, stack(0x0000000016bf0000,0x0000000016cf0000)]
=>0x000000001548f000 JavaThread "C2 CompilerThread0" daemon [_thread_in_native, id=10292, stack(0x0000000016af0000,0x0000000016bf0000)]
  0x000000001548b800 JavaThread "Attach Listener" daemon [_thread_blocked, id=1988, stack(0x00000000169f0000,0x0000000016af0000)]
  0x000000001548a800 JavaThread "Signal Dispatcher" daemon [_thread_blocked, id=4140, stack(0x00000000168f0000,0x00000000169f0000)]
  0x0000000002db0800 JavaThread "Finalizer" daemon [_thread_blocked, id=3464, stack(0x00000000166f0000,0x00000000167f0000)]
  0x0000000002dad000 JavaThread "Reference Handler" daemon [_thread_blocked, id=3020, stack(0x00000000165f0000,0x00000000166f0000)]
  0x000000000105d800 JavaThread "main" [_thread_blocked, id=7824, stack(0x0000000002ac0000,0x0000000002bc0000)]

Other Threads:
  0x0000000015457800 VMThread [stack: 0x00000000164f0000,0x00000000165f0000] [id=7396]
  0x0000000016dfa800 WatcherThread [stack: 0x00000000172f0000,0x00000000173f0000] [id=7980]

VM state:not at safepoint (normal execution)

VM Mutex/Monitor currently owned by a thread: None

Heap:
 PSYoungGen      total 38400K, used 16931K [0x00000000eab00000, 0x00000000ef600000, 0x0000000100000000)
  eden space 33280K, 35% used [0x00000000eab00000,0x00000000eb68bc50,0x00000000ecb80000)
  from space 5120K, 99% used [0x00000000ecb80000,0x00000000ed07d1d0,0x00000000ed080000)
  to   space 5120K, 0% used [0x00000000ef100000,0x00000000ef100000,0x00000000ef600000)
 ParOldGen       total 87552K, used 1136K [0x00000000c0000000, 0x00000000c5580000, 0x00000000eab00000)
  object space 87552K, 1% used [0x00000000c0000000,0x00000000c011c180,0x00000000c5580000)
 Metaspace       used 6074K, capacity 6960K, committed 7040K, reserved 1056768K
  class space    used 601K, capacity 616K, committed 640K, reserved 1048576K

Card table byte_map: [0x0000000012180000,0x0000000012390000] byte_map_base: 0x0000000011b80000

Marking Bits: (ParMarkBitMap*) 0x000000005311a5b0
 Begin Bits: [0x00000000128f0000, 0x00000000138f0000)
 End Bits:   [0x00000000138f0000, 0x00000000148f0000)

Polling page: 0x0000000001040000

CodeCache: size=245760Kb used=5299Kb max_used=5299Kb free=240461Kb
 bounds [0x0000000002dc0000, 0x0000000003300000, 0x0000000011dc0000]
 total_blobs=1599 nmethods=1330 adapters=182
 compilation: enabled

Compilation events (10 events):
Event: 3.117 Thread 0x00000000154ed800 nmethod 1340 0x00000000032d2c90 code [0x00000000032d2e20, 0x00000000032d3470]
Event: 3.117 Thread 0x00000000154ed800 1341       3       com.android.dx.ssa.DomFront::run (264 bytes)
Event: 3.125 Thread 0x00000000154ed800 nmethod 1341 0x00000000032d3750 code [0x00000000032d3cc0, 0x00000000032d7328]
Event: 3.128 Thread 0x00000000154ed800 1342       3       com.android.dx.ssa.SsaMethod$1::visitPhiInsn (17 bytes)
Event: 3.128 Thread 0x00000000154ed800 nmethod 1342 0x00000000032d91d0 code [0x00000000032d9340, 0x00000000032d9730]
Event: 3.129 Thread 0x00000000154ed800 1343       3       com.android.dx.cf.code.BasicBlocker::visitNoArgs (298 bytes)
Event: 3.131 Thread 0x00000000154ed800 nmethod 1343 0x00000000032d98d0 code [0x00000000032d9b40, 0x00000000032da8f8]
Event: 3.131 Thread 0x00000000154ed800 1345       3       com.android.dx.ssa.SsaBasicBlock::insertNewSuccessor (228 bytes)
Event: 3.133 Thread 0x00000000154ed800 nmethod 1345 0x00000000032db4d0 code [0x00000000032db800, 0x00000000032dcd28]
Event: 3.133 Thread 0x00000000154ed800 1344       3       com.android.dx.cf.code.Simulator$SimVisitor::visitNoArgs (2108 bytes)

GC Heap History (2 events):
Event: 2.907 GC heap before
{Heap before GC invocations=1 (full 0):
 PSYoungGen      total 38400K, used 33280K [0x00000000eab00000, 0x00000000ed580000, 0x0000000100000000)
  eden space 33280K, 100% used [0x00000000eab00000,0x00000000ecb80000,0x00000000ecb80000)
  from space 5120K, 0% used [0x00000000ed080000,0x00000000ed080000,0x00000000ed580000)
  to   space 5120K, 0% used [0x00000000ecb80000,0x00000000ecb80000,0x00000000ed080000)
 ParOldGen       total 87552K, used 0K [0x00000000c0000000, 0x00000000c5580000, 0x00000000eab00000)
  object space 87552K, 0% used [0x00000000c0000000,0x00000000c0000000,0x00000000c5580000)
 Metaspace       used 6008K, capacity 6896K, committed 7040K, reserved 1056768K
  class space    used 601K, capacity 616K, committed 640K, reserved 1048576K
Event: 2.949 GC heap after
Heap after GC invocations=1 (full 0):
 PSYoungGen      total 38400K, used 5108K [0x00000000eab00000, 0x00000000ef600000, 0x0000000100000000)
  eden space 33280K, 0% used [0x00000000eab00000,0x00000000eab00000,0x00000000ecb80000)
  from space 5120K, 99% used [0x00000000ecb80000,0x00000000ed07d1d0,0x00000000ed080000)
  to   space 5120K, 0% used [0x00000000ef100000,0x00000000ef100000,0x00000000ef600000)
 ParOldGen       total 87552K, used 1136K [0x00000000c0000000, 0x00000000c5580000, 0x00000000eab00000)
  object space 87552K, 1% used [0x00000000c0000000,0x00000000c011c180,0x00000000c5580000)
 Metaspace       used 6008K, capacity 6896K, committed 7040K, reserved 1056768K
  class space    used 601K, capacity 616K, committed 640K, reserved 1048576K
}

Deoptimization events (3 events):
Event: 2.256 Thread 0x000000001710a000 Uncommon trap: reason=unstable_if action=reinterpret pc=0x0000000002fe78e4 method=java.util.HashMap.getNode(ILjava/lang/Object;)Ljava/util/HashMap$Node; @ 129
Event: 2.262 Thread 0x000000001710a000 Uncommon trap: reason=unstable_if action=reinterpret pc=0x0000000003017bf0 method=java.util.BitSet.nextSetBit(I)I @ 87
Event: 2.804 Thread 0x0000000017106800 Uncommon trap: reason=unstable_if action=reinterpret pc=0x00000000030d6b04 method=com.android.dx.rop.code.RegisterSpec.equals(ILcom/android/dx/rop/type/TypeBearer;Lcom/android/dx/rop/code/LocalItem;)Z @ 42

Internal exceptions (2 events):
Event: 1.258 Thread 0x000000000105d800 Exception <a 'java/lang/NoSuchMethodError': Method sun.misc.Unsafe.defineClass(Ljava/lang/String;[BII)Ljava/lang/Class; name or signature does not match> (0x00000000eab0d3e8) thrown at [C:\re\workspace\8-2-build-windows-amd64-cygwin\jdk8u60\4407\hotspot\sr‡¾‹ô?
Event: 1.258 Thread 0x000000000105d800 Exception <a 'java/lang/NoSuchMethodError': Method sun.misc.Unsafe.prefetchRead(Ljava/lang/Object;J)V name or signature does not match> (0x00000000eab0d6d0) thrown at [C:\re\workspace\8-2-build-windows-amd64-cygwin\jdk8u60\4407\hotspot\src\share\vm\prims\j

Events (10 events):
Event: 2.757 loading class com/android/dx/cf/code/SwitchList done
Event: 2.788 loading class java/util/DualPivotQuicksort
Event: 2.789 loading class java/util/DualPivotQuicksort done
Event: 2.804 Thread 0x0000000017106800 Uncommon trap: trap_request=0xffffff65 fr.pc=0x00000000030d6b04
Event: 2.804 Thread 0x0000000017106800 DEOPT PACKING pc=0x00000000030d6b04 sp=0x0000000017cee5d0
Event: 2.804 Thread 0x0000000017106800 DEOPT UNPACKING pc=0x0000000002e0582a sp=0x0000000017cee558 mode 2
Event: 2.868 Executing VM operation: ForceSafepoint
Event: 2.907 Executing VM operation: ForceSafepoint done
Event: 2.907 Executing VM operation: ParallelGCFailedAllocation
Event: 2.949 Executing VM operation: ParallelGCFailedAllocation done


Dynamic libraries:
0x00007ff7a02d0000 - 0x00007ff7a0307000 	C:\Program Files\Java\jdk1.8.0_60\bin\java.exe
0x00007ffd968d0000 - 0x00007ffd96a91000 	C:\WINDOWS\SYSTEM32\ntdll.dll
0x00007ffd95970000 - 0x00007ffd95a1d000 	C:\WINDOWS\system32\KERNEL32.DLL
0x00007ffd93820000 - 0x00007ffd93a08000 	C:\WINDOWS\system32\KERNELBASE.dll
0x00007ffd95c00000 - 0x00007ffd95ca7000 	C:\WINDOWS\system32\ADVAPI32.dll
0x00007ffd95700000 - 0x00007ffd9579d000 	C:\WINDOWS\system32\msvcrt.dll
0x00007ffd94030000 - 0x00007ffd9408b000 	C:\WINDOWS\system32\sechost.dll
0x00007ffd96170000 - 0x00007ffd9628c000 	C:\WINDOWS\system32\RPCRT4.dll
0x00007ffd957b0000 - 0x00007ffd95906000 	C:\WINDOWS\system32\USER32.dll
0x00007ffd95cb0000 - 0x00007ffd95e36000 	C:\WINDOWS\system32\GDI32.dll
0x00007ffd85330000 - 0x00007ffd855a4000 	C:\WINDOWS\WinSxS\amd64_microsoft.windows.common-controls_6595b64144ccf1df_6.0.10586.0_none_8c15ae12515e1c22\COMCTL32.dll
0x00007ffd93cd0000 - 0x00007ffd93f4d000 	C:\WINDOWS\system32\combase.dll
0x00007ffd937b0000 - 0x00007ffd9381a000 	C:\WINDOWS\system32\bcryptPrimitives.dll
0x00007ffd95f60000 - 0x00007ffd95f9b000 	C:\WINDOWS\system32\IMM32.DLL
0x00000000520d0000 - 0x00000000521a2000 	C:\Program Files\Java\jdk1.8.0_60\jre\bin\msvcr100.dll
0x0000000052910000 - 0x0000000053199000 	C:\Program Files\Java\jdk1.8.0_60\jre\bin\server\jvm.dll
0x00007ffd957a0000 - 0x00007ffd957a8000 	C:\WINDOWS\system32\PSAPI.DLL
0x00007ffd86ba0000 - 0x00007ffd86ba9000 	C:\WINDOWS\SYSTEM32\WSOCK32.dll
0x00007ffd95e40000 - 0x00007ffd95eab000 	C:\WINDOWS\system32\WS2_32.dll
0x00007ffd91320000 - 0x00007ffd91343000 	C:\WINDOWS\SYSTEM32\WINMM.dll
0x00007ffd84860000 - 0x00007ffd8486a000 	C:\WINDOWS\SYSTEM32\VERSION.dll
0x00007ffd911d0000 - 0x00007ffd911fc000 	C:\WINDOWS\SYSTEM32\WINMMBASE.dll
0x00007ffd936a0000 - 0x00007ffd936e3000 	C:\WINDOWS\system32\cfgmgr32.dll
0x0000000053a00000 - 0x0000000053a0f000 	C:\Program Files\Java\jdk1.8.0_60\jre\bin\verify.dll
0x00000000539d0000 - 0x00000000539f9000 	C:\Program Files\Java\jdk1.8.0_60\jre\bin\java.dll
0x00000000539b0000 - 0x00000000539c6000 	C:\Program Files\Java\jdk1.8.0_60\jre\bin\zip.dll
0x00007ffd94090000 - 0x00007ffd955ec000 	C:\WINDOWS\system32\SHELL32.dll
0x00007ffd93050000 - 0x00007ffd93694000 	C:\WINDOWS\system32\windows.storage.dll
0x00007ffd95910000 - 0x00007ffd95962000 	C:\WINDOWS\system32\shlwapi.dll
0x00007ffd92f70000 - 0x00007ffd92f7f000 	C:\WINDOWS\system32\kernel.appcore.dll
0x00007ffd936f0000 - 0x00007ffd937a5000 	C:\WINDOWS\system32\shcore.dll
0x00007ffd92ef0000 - 0x00007ffd92f3b000 	C:\WINDOWS\system32\powrprof.dll
0x00007ffd92f50000 - 0x00007ffd92f64000 	C:\WINDOWS\system32\profapi.dll

VM Arguments:
jvm_args: -Djava.awt.headless=true -Xmx1024M -Dfile.encoding=windows-1252 -Duser.country=BR -Duser.language=pt -Duser.variant 
java_command: com.android.dx.command.Main --dex --force-jumbo --num-threads=4 --multi-dex --output Z:\PROJ_ANDROID_ARDUINO\PROJETO G_REMOTE\Codico Fonte APP\G_Romote\app\build\intermediates\transforms\dex\debug\folders\1000\10\com.android.support-appcompat-v7-23.1.1_7b02a49739b29d653b44c5cb666e7ae35aaf42e6 Z:\PROJ_ANDROID_ARDUINO\PROJETO G_REMOTE\Codico Fonte APP\G_Romote\app\build\intermediates\exploded-aar\com.android.support\appcompat-v7\23.1.1\jars\classes.jar
java_class_path (initial): Z:\android-sdk-windows\build-tools\23.0.2\lib\dx.jar
Launcher Type: SUN_STANDARD

Environment Variables:
PATH=C:\Program Files (x86)\Common Files\Intel\Shared Files\cpp\bin\Intel64;C:\ProgramData\Oracle\Java\javapath;C:\WINDOWS\system32;C:\WINDOWS;C:\WINDOWS\System32\Wbem;C:\WINDOWS\System32\WindowsPowerShell\v1.0\;C:\Program Files (x86)\Pinnacle\Shared Files\
USERNAME=G_Automation
OS=Windows_NT
PROCESSOR_IDENTIFIER=Intel64 Family 6 Model 61 Stepping 4, GenuineIntel



---------------  S Y S T E M  ---------------

OS: Windows 10.0 , 64 bit Build 10586 (10.0.10586.0)

CPU:total 4 (2 cores per cpu, 2 threads per core) family 6 model 61 stepping 4, cmov, cx8, fxsr, mmx, sse, sse2, sse3, ssse3, sse4.1, sse4.2, popcnt, avx, avx2, aes, clmul, erms, 3dnowpref, lzcnt, ht, tsc, tscinvbit, bmi1, bmi2, adx

Memory: 4k page, physical 8307120k(4544544k free), swap 22914604k(5368k free)

vm_info: Java HotSpot(TM) 64-Bit Server VM (25.60-b23) for windows-amd64 JRE (1.8.0_60-b27), built on Aug  4 2015 11:06:27 by "java_re" with MS VC++ 10.0 (VS2010)

time: Sun Jul 10 20:01:05 2016
elapsed time: 3 seconds (0d 0h 0m 3s)

